[LOG] System::create                           : Header version = 1.10.05. Current version = 1.10.05.
[LOG] SystemI::setOutputInternal               : Setting output to 'FMOD Core Audio Output'
[LOG] Manager::init                            : maxchannels = 1024 studioflags = 00000009 flags 00000000 extradriverdata 0x0.
[LOG] SystemI::init                            : Initialize version=11005 (94661), maxchannels=1024, flags=0x00030000
[LOG] OutputCoreAudio::enumerate               : Enumerating...
[LOG] OutputCoreAudio::enumerate               : Found output driver: "Built-in Output".
[LOG] OutputCoreAudio::enumerate               : Found output driver: "DisplayPort".
[LOG] OutputCoreAudio::enumerate               : Found output driver: "iShowU Audio Capture".
[LOG] OutputCoreAudio::enumerate               : Found output driver: "Dispositivo de salida múltiple".
[LOG] OutputCoreAudio::enumerate               : Done.
[LOG] OutputCoreAudio::init                    : Output running 2 channels at 44100Hz sample rate.
[LOG] OutputCoreAudio::init                    : Maximum hardware read size: 256 samples, Software buffer size: 512 samples, Number of software buffers: 4.
[WRN] SystemI::init                            : Output requires a sample rate of 44100Hz, resampling will occur.
[LOG] Thread::initThread                       : Init FMOD stream thread. Priority: 2, Stack Size: 65536, Semaphore: No, Sleep Time: 10, Looping: Yes.
[LOG] SystemI::DSPCodecPoolRegister            : register codec pool for pool type 5
[LOG] Thread::initThread                       : Init FMOD mixer thread. Priority: 3, Stack Size: 49152, Semaphore: Yes, Sleep Time: 0, Looping: Yes.
[LOG] AsyncManager::init                       : manager 0x12a90f008 isAsync 1 updatePeriod 0.02
[LOG] Thread::initThread                       : Init FMOD Studio update thread. Priority: 0, Stack Size: 65536, Semaphore: No, Sleep Time: 1, Looping: No.
[LOG] AsyncManager::init                       : done
[LOG] PlaybackSystem::init                     : 
[LOG] Thread::initThread                       : Init FMOD Studio sample load thread. Priority: 0, Stack Size: 65536, Semaphore: No, Sleep Time: 1, Looping: No.
[LOG] PlaybackSystem::init                     : done
[LOG] LiveUpdate::init                         : 
[LOG] Thread::initThread                       : Init FMOD Studio bank load thread. Priority: 0, Stack Size: 65536, Semaphore: No, Sleep Time: 1, Looping: No.
[LOG] Manager::init                            : done.
[LOG] Profile::init                            : Profiler listening on port: 9264
[LOG] Manager::readBank                        : fileversion = 99, compatVersion = 99 (oldest = 44, newest = 100)
[LOG] Manager::readBank                        : fileversion = 99, compatVersion = 99 (oldest = 44, newest = 100)
[LOG] PlaybackSystem::acquireMasterBus         : Setting master channel group format to 6
[LOG] SystemI::createSoundInternal             : Create name='', mode=0x02000202
[LOG] SystemI::createSoundInternal             : exinfo->cbsize             = 232
[LOG] SystemI::createSoundInternal             : exinfo->length             = 4479264
[LOG] SystemI::createSoundInternal             : exinfo->fileoffset         = 58336
[LOG] SystemI::createSoundInternal             : exinfo->numsubsounds       = 1
[LOG] SystemI::createSoundInternal             : exinfo->inclusionlist      = 0x7000094207bc
[LOG] SystemI::createSoundInternal             : exinfo->inclusionlistnum   = 1
[LOG] SystemI::createSoundInternal             : exinfo->suggestedsoundtype = 5
[LOG] SystemI::createSoundInternal             : exinfo->useropen           = 0x15f80396f
[LOG] SystemI::createSoundInternal             : exinfo->userclose          = 0x15f803a2b
[LOG] SystemI::createSoundInternal             : exinfo->userread           = 0x15f803a5b
[LOG] SystemI::createSoundInternal             : exinfo->userseek           = 0x15f803af8
[LOG] SystemI::createSoundInternal             : exinfo->fileuserdata       = 0x13e72e408
[LOG] SystemI::createSoundInternal             : exinfo->initialseekpostype = 1
[LOG] SystemI::DSPCodecPoolRegister            : register codec pool for pool type 5
[LOG] SystemI::createSoundInternal             : Sample 0/1: name='Start_Play', format=2, channels=2, frequency=48000, lengthbytes=77056, lengthpcm=310154, pcmblocksize=0, loopstart=0, loopend=0, mode=0x00000000, channelmask=0x00000000, channelorder=0, peakvolume=0.573059.
[LOG] SystemI::createSoundInternal             : Create name='', mode=0x02000202
[LOG] SystemI::createSoundInternal             : exinfo->cbsize             = 232
[LOG] SystemI::createSoundInternal             : exinfo->length             = 4479264
[LOG] SystemI::createSoundInternal             : exinfo->fileoffset         = 58336
[LOG] SystemI::createSoundInternal             : exinfo->numsubsounds       = 1
[LOG] SystemI::createSoundInternal             : exinfo->inclusionlist      = 0x7000094207bc
[LOG] SystemI::createSoundInternal             : exinfo->inclusionlistnum   = 1
[LOG] SystemI::createSoundInternal             : exinfo->suggestedsoundtype = 5
[LOG] SystemI::createSoundInternal             : exinfo->useropen           = 0x15f80396f
[LOG] SystemI::createSoundInternal             : exinfo->userclose          = 0x15f803a2b
[LOG] SystemI::createSoundInternal             : exinfo->userread           = 0x15f803a5b
[LOG] SystemI::createSoundInternal             : exinfo->userseek           = 0x15f803af8
[LOG] SystemI::createSoundInternal             : exinfo->fileuserdata       = 0x13e72e408
[LOG] SystemI::createSoundInternal             : exinfo->initialseekpostype = 1
[LOG] SystemI::DSPCodecPoolRegister            : register codec pool for pool type 5
[LOG] SystemI::createSoundInternal             : Sample 0/1: name='Snippet_Reverse_Hat', format=2, channels=2, frequency=48000, lengthbytes=15136, lengthpcm=66462, pcmblocksize=0, loopstart=0, loopend=0, mode=0x00000000, channelmask=0x00000000, channelorder=0, peakvolume=0.165405.
[LOG] SystemI::createSoundInternal             : Create name='', mode=0x02000202
[LOG] SystemI::createSoundInternal             : exinfo->cbsize             = 232
[LOG] SystemI::createSoundInternal             : exinfo->length             = 4479264
[LOG] SystemI::createSoundInternal             : exinfo->fileoffset         = 58336
[LOG] SystemI::createSoundInternal             : exinfo->numsubsounds       = 1
[LOG] SystemI::createSoundInternal             : exinfo->inclusionlist      = 0x7000094207bc
[LOG] SystemI::createSoundInternal             : exinfo->inclusionlistnum   = 1
[LOG] SystemI::createSoundInternal             : exinfo->suggestedsoundtype = 5
[LOG] SystemI::createSoundInternal             : exinfo->useropen           = 0x15f80396f
[LOG] SystemI::createSoundInternal             : exinfo->userclose          = 0x15f803a2b
[LOG] SystemI::createSoundInternal             : exinfo->userread           = 0x15f803a5b
[LOG] SystemI::createSoundInternal             : exinfo->userseek           = 0x15f803af8
[LOG] SystemI::createSoundInternal             : exinfo->fileuserdata       = 0x13e72e408
[LOG] SystemI::createSoundInternal             : exinfo->initialseekpostype = 1
[LOG] SystemI::DSPCodecPoolRegister            : register codec pool for pool type 5
[LOG] SystemI::createSoundInternal             : Sample 0/1: name='Swoosh', format=2, channels=2, frequency=48000, lengthbytes=55168, lengthpcm=221539, pcmblocksize=0, loopstart=0, loopend=0, mode=0x00000000, channelmask=0x00000000, channelorder=0, peakvolume=0.346893.
[LOG] SystemI::createSoundInternal             : Create name='', mode=0x02000202
[LOG] SystemI::createSoundInternal             : exinfo->cbsize             = 232
[LOG] SystemI::createSoundInternal             : exinfo->length             = 4479264
[LOG] SystemI::createSoundInternal             : exinfo->fileoffset         = 58336
[LOG] SystemI::createSoundInternal             : exinfo->numsubsounds       = 1
[LOG] SystemI::createSoundInternal             : exinfo->inclusionlist      = 0x7000094207bc
[LOG] SystemI::createSoundInternal             : exinfo->inclusionlistnum   = 1
[LOG] SystemI::createSoundInternal             : exinfo->suggestedsoundtype = 5
[LOG] SystemI::createSoundInternal             : exinfo->useropen           = 0x15f80396f
[LOG] SystemI::createSoundInternal             : exinfo->userclose          = 0x15f803a2b
[LOG] SystemI::createSoundInternal             : exinfo->userread           = 0x15f803a5b
[LOG] SystemI::createSoundInternal             : exinfo->userseek           = 0x15f803af8
[LOG] SystemI::createSoundInternal             : exinfo->fileuserdata       = 0x13e72e408
[LOG] SystemI::createSoundInternal             : exinfo->initialseekpostype = 1
[LOG] SystemI::DSPCodecPoolRegister            : register codec pool for pool type 5
[LOG] SystemI::createSoundInternal             : Sample 0/1: name='Beat_01', format=2, channels=2, frequency=48000, lengthbytes=40768, lengthpcm=177231, pcmblocksize=0, loopstart=0, loopend=0, mode=0x00000000, channelmask=0x00000000, channelorder=0, peakvolume=0.178436.
[LOG] SystemI::createSoundInternal             : Create name='', mode=0x02000202
[LOG] SystemI::createSoundInternal             : exinfo->cbsize             = 232
[LOG] SystemI::createSoundInternal             : exinfo->length             = 4479264
[LOG] SystemI::createSoundInternal             : exinfo->fileoffset         = 58336
[LOG] SystemI::createSoundInternal             : exinfo->numsubsounds       = 1
[LOG] SystemI::createSoundInternal             : exinfo->inclusionlist      = 0x7000094207bc
[LOG] SystemI::createSoundInternal             : exinfo->inclusionlistnum   = 1
[LOG] SystemI::createSoundInternal             : exinfo->suggestedsoundtype = 5
[LOG] SystemI::createSoundInternal             : exinfo->useropen           = 0x15f80396f
[LOG] SystemI::createSoundInternal             : exinfo->userclose          = 0x15f803a2b
[LOG] SystemI::createSoundInternal             : exinfo->userread           = 0x15f803a5b
[LOG] SystemI::createSoundInternal             : exinfo->userseek           = 0x15f803af8
[LOG] SystemI::createSoundInternal             : exinfo->fileuserdata       = 0x13e72e408
[LOG] SystemI::createSoundInternal             : exinfo->initialseekpostype = 1
[LOG] SystemI::DSPCodecPoolRegister            : register codec pool for pool type 5
[LOG] SystemI::createSoundInternal             : Sample 0/1: name='Fill02', format=2, channels=2, frequency=48000, lengthbytes=8768, lengthpcm=88616, pcmblocksize=0, loopstart=0, loopend=0, mode=0x00000000, channelmask=0x00000000, channelorder=0, peakvolume=0.552094.
[LOG] SystemI::createSoundInternal             : Create name='', mode=0x02000202
[LOG] SystemI::createSoundInternal             : exinfo->cbsize             = 232
[LOG] SystemI::createSoundInternal             : exinfo->length             = 4479264
[LOG] SystemI::createSoundInternal             : exinfo->fileoffset         = 58336
[LOG] SystemI::createSoundInternal             : exinfo->numsubsounds       = 1
[LOG] SystemI::createSoundInternal             : exinfo->inclusionlist      = 0x7000094207bc
[LOG] SystemI::createSoundInternal             : exinfo->inclusionlistnum   = 1
[LOG] SystemI::createSoundInternal             : exinfo->suggestedsoundtype = 5
[LOG] SystemI::createSoundInternal             : exinfo->useropen           = 0x15f80396f
[LOG] SystemI::createSoundInternal             : exinfo->userclose          = 0x15f803a2b
[LOG] SystemI::createSoundInternal             : exinfo->userread           = 0x15f803a5b
[LOG] SystemI::createSoundInternal             : exinfo->userseek           = 0x15f803af8
[LOG] SystemI::createSoundInternal             : exinfo->fileuserdata       = 0x13e72e408
[LOG] SystemI::createSoundInternal             : exinfo->initialseekpostype = 1
[LOG] SystemI::DSPCodecPoolRegister            : register codec pool for pool type 5
[LOG] SystemI::createSoundInternal             : Sample 0/1: name='Fill01', format=2, channels=2, frequency=48000, lengthbytes=8224, lengthpcm=88616, pcmblocksize=0, loopstart=0, loopend=0, mode=0x00000000, channelmask=0x00000000, channelorder=0, peakvolume=0.148804.
[LOG] SystemI::createSoundInternal             : Create name='', mode=0x02000202
[LOG] SystemI::createSoundInternal             : exinfo->cbsize             = 232
[LOG] SystemI::createSoundInternal             : exinfo->length             = 4479264
[LOG] SystemI::createSoundInternal             : exinfo->fileoffset         = 58336
[LOG] SystemI::createSoundInternal             : exinfo->numsubsounds       = 1
[LOG] SystemI::createSoundInternal             : exinfo->inclusionlist      = 0x7000094207bc
[LOG] SystemI::createSoundInternal             : exinfo->inclusionlistnum   = 1
[LOG] SystemI::createSoundInternal             : exinfo->suggestedsoundtype = 5
[LOG] SystemI::createSoundInternal             : exinfo->useropen           = 0x15f80396f
[LOG] SystemI::createSoundInternal             : exinfo->userclose          = 0x15f803a2b
[LOG] SystemI::createSoundInternal             : exinfo->userread           = 0x15f803a5b
[LOG] SystemI::createSoundInternal             : exinfo->userseek           = 0x15f803af8
[LOG] SystemI::createSoundInternal             : exinfo->fileuserdata       = 0x13e72e408
[LOG] SystemI::createSoundInternal             : exinfo->initialseekpostype = 1
[LOG] SystemI::DSPCodecPoolRegister            : register codec pool for pool type 5
[LOG] SystemI::createSoundInternal             : Sample 0/1: name='Beat_02', format=2, channels=2, frequency=48000, lengthbytes=40928, lengthpcm=177231, pcmblocksize=0, loopstart=0, loopend=0, mode=0x00000000, channelmask=0x00000000, channelorder=0, peakvolume=0.177399.
[LOG] SystemI::createSoundInternal             : Create name='', mode=0x02000202
[LOG] SystemI::createSoundInternal             : exinfo->cbsize             = 232
[LOG] SystemI::createSoundInternal             : exinfo->length             = 4479264
[LOG] SystemI::createSoundInternal             : exinfo->fileoffset         = 58336
[LOG] SystemI::createSoundInternal             : exinfo->numsubsounds       = 1
[LOG] SystemI::createSoundInternal             : exinfo->inclusionlist      = 0x7000094207bc
[LOG] SystemI::createSoundInternal             : exinfo->inclusionlistnum   = 1
[LOG] SystemI::createSoundInternal             : exinfo->suggestedsoundtype = 5
[LOG] SystemI::createSoundInternal             : exinfo->useropen           = 0x15f80396f
[LOG] SystemI::createSoundInternal             : exinfo->userclose          = 0x15f803a2b
[LOG] SystemI::createSoundInternal             : exinfo->userread           = 0x15f803a5b
[LOG] SystemI::createSoundInternal             : exinfo->userseek           = 0x15f803af8
[LOG] SystemI::createSoundInternal             : exinfo->fileuserdata       = 0x143abf128
[LOG] SystemI::createSoundInternal             : exinfo->initialseekpostype = 1
[LOG] SystemI::DSPCodecPoolRegister            : register codec pool for pool type 5
[LOG] SystemI::createSoundInternal             : Sample 0/1: name='IntroEnd', format=2, channels=2, frequency=48000, lengthbytes=40608, lengthpcm=177231, pcmblocksize=0, loopstart=0, loopend=0, mode=0x00000000, channelmask=0x00000000, channelorder=0, peakvolume=0.695526.
[LOG] SystemI::createSound                     : filename = /Users/wingedbread/Projectos/FMOD_D&D/Desktop/Master Bank.bank : mode 02010082
[LOG] SystemI::createSound                     : FMOD_NONBLOCKING specified.  Putting into queue to be opened asynchronously!
[LOG] Thread::initThread                       : Init FMOD nonblocking thread (0). Priority: 1, Stack Size: 81920, Semaphore: Yes, Sleep Time: 0, Looping: Yes.
[LOG] SystemI::createSound                     : setdata soundi = 0x143af9528 : node = 0x143af96e0
[LOG] SystemI::createSound                     : add node to async list : head = 0x143abcaf8.  list count = 0
[LOG] AsyncThread::threadFunc                  : Starting Asynchronous operation on sound 0x143af9528
[LOG] SystemI::createSound                     : filename = /Users/wingedbread/Projectos/FMOD_D&D/Desktop/Master Bank.bank : mode 02010082
[LOG] SystemI::createSoundInternal             :     Create name='/Users/wingedbread/Projectos/FMOD_D&D/Desktop/Master Bank.bank', mode=0x02010082
[LOG] SystemI::createSound                     :     FMOD_NONBLOCKING specified.  Putting into queue to be opened asynchronously!
[LOG] SystemI::createSoundInternal             :     exinfo->cbsize             = 232
[LOG] SystemI::createSound                     :     setdata soundi = 0x143abcb48 : node = 0x143abfb70
[LOG] SystemI::createSoundInternal             :     exinfo->length             = 4479264
[LOG] SystemI::createSound                     :     add node to async list : head = 0x143abcaf8.  list count = 0
[LOG] SystemI::createSoundInternal             :     exinfo->fileoffset         = 58336
[LOG] SystemI::createSoundInternal             :     exinfo->numsubsounds       = 1
[LOG] SystemI::createSoundInternal             :     exinfo->inclusionlist      = 0x143af97f8
[LOG] SystemI::createSoundInternal             :     exinfo->inclusionlistnum   = 1
[LOG] SystemI::createSoundInternal             :     exinfo->suggestedsoundtype = 5
[LOG] SystemI::createSoundInternal             :     exinfo->initialseekpostype = 1
[LOG] SystemI::createSound                     :     filename = /Users/wingedbread/Projectos/FMOD_D&D/Desktop/Master Bank.bank : mode 02010082
[LOG] SystemI::createSound                     :     FMOD_NONBLOCKING specified.  Putting into queue to be opened asynchronously!
[LOG] SystemI::createSound                     :     setdata soundi = 0x141eab488 : node = 0x141eab640
[LOG] SystemI::createSound                     :     add node to async list : head = 0x143abcaf8.  list count = 1
[LOG] SystemI::createSoundInternal             :     Stream 0/1: name='Level 1', format=2, channels=2, frequency=48000, lengthbytes=959904, lengthpcm=4164924, pcmblocksize=0, loopstart=0, loopend=0, mode=0x00000000, channelmask=0x00000000, channelorder=0, peakvolume=0.250214.
[LOG] SystemI::createSound                     :     filename = /Users/wingedbread/Projectos/FMOD_D&D/Desktop/Master Bank.bank : mode 02010082
[LOG] SystemI::createSound                     :     FMOD_NONBLOCKING specified.  Putting into queue to be opened asynchronously!
[LOG] SystemI::createSound                     :     setdata soundi = 0x141ea8e48 : node = 0x141ebe0c0
[LOG] SystemI::createSound                     :     add node to async list : head = 0x143abcaf8.  list count = 2
[LOG] Thread::initThread                       :     Init FMOD file thread. Priority: 1, Stack Size: 16384, Semaphore: No, Sleep Time: 10, Looping: Yes.
[LOG] AsyncThread::threadFunc                  : Finished Asynchronous operation on sound 0x143af9528
[LOG] AsyncThread::threadFunc                  : Starting Asynchronous operation on sound 0x143abcb48
[LOG] SystemI::createSoundInternal             :     Create name='/Users/wingedbread/Projectos/FMOD_D&D/Desktop/Master Bank.bank', mode=0x02010082
[LOG] SystemI::createSoundInternal             :     exinfo->cbsize             = 232
[LOG] SystemI::createSoundInternal             :     exinfo->length             = 4479264
[LOG] SystemI::createSoundInternal             :     exinfo->fileoffset         = 58336
[LOG] SystemI::createSoundInternal             :     exinfo->numsubsounds       = 1
[LOG] SystemI::createSoundInternal             :     exinfo->inclusionlist      = 0x143abfc88
[LOG] SystemI::createSoundInternal             :     exinfo->inclusionlistnum   = 1
[LOG] SystemI::createSoundInternal             :     exinfo->suggestedsoundtype = 5
[LOG] SystemI::createSoundInternal             :     exinfo->initialseekpostype = 1
[LOG] SystemI::createSoundInternal             :     Stream 0/1: name='Level 2', format=2, channels=2, frequency=48000, lengthbytes=945216, lengthpcm=4164924, pcmblocksize=0, loopstart=0, loopend=0, mode=0x00000000, channelmask=0x00000000, channelorder=0, peakvolume=0.895660.
[LOG] AsyncThread::threadFunc                  : Finished Asynchronous operation on sound 0x143abcb48
[LOG] AsyncThread::threadFunc                  : Starting Asynchronous operation on sound 0x141eab488
[LOG] SystemI::createSoundInternal             :     Create name='/Users/wingedbread/Projectos/FMOD_D&D/Desktop/Master Bank.bank', mode=0x02010082
[LOG] SystemI::createSoundInternal             :     exinfo->cbsize             = 232
[LOG] SystemI::createSoundInternal             :     exinfo->length             = 4479264
[LOG] SystemI::createSoundInternal             :     exinfo->fileoffset         = 58336
[LOG] SystemI::createSoundInternal             :     exinfo->numsubsounds       = 1
[LOG] SystemI::createSoundInternal             :     exinfo->inclusionlist      = 0x141eab758
[LOG] SystemI::createSoundInternal             :     exinfo->inclusionlistnum   = 1
[LOG] SystemI::createSoundInternal             :     exinfo->suggestedsoundtype = 5
[LOG] SystemI::createSoundInternal             :     exinfo->initialseekpostype = 1
[LOG] SystemI::createSoundInternal             :     Stream 0/1: name='Level 4', format=2, channels=2, frequency=48000, lengthbytes=1118752, lengthpcm=4164924, pcmblocksize=0, loopstart=0, loopend=0, mode=0x00000000, channelmask=0x00000000, channelorder=0, peakvolume=0.686066.
[LOG] AsyncThread::threadFunc                  : Finished Asynchronous operation on sound 0x141eab488
[LOG] AsyncThread::threadFunc                  : Starting Asynchronous operation on sound 0x141ea8e48
[LOG] SystemI::createSoundInternal             :     Create name='/Users/wingedbread/Projectos/FMOD_D&D/Desktop/Master Bank.bank', mode=0x02010082
[LOG] SystemI::createSoundInternal             :     exinfo->cbsize             = 232
[LOG] SystemI::createSoundInternal             :     exinfo->length             = 4479264
[LOG] SystemI::createSoundInternal             :     exinfo->fileoffset         = 58336
[LOG] SystemI::createSoundInternal             :     exinfo->numsubsounds       = 1
[LOG] SystemI::createSoundInternal             :     exinfo->inclusionlist      = 0x141ebe1d8
[LOG] SystemI::createSoundInternal             :     exinfo->inclusionlistnum   = 1
[LOG] SystemI::createSoundInternal             :     exinfo->suggestedsoundtype = 5
[LOG] SystemI::createSoundInternal             :     exinfo->initialseekpostype = 1
[LOG] SystemI::createSoundInternal             :     Stream 0/1: name='Level 3', format=2, channels=2, frequency=48000, lengthbytes=1009952, lengthpcm=4164924, pcmblocksize=0, loopstart=0, loopend=0, mode=0x00000000, channelmask=0x00000000, channelorder=0, peakvolume=0.344208.
[LOG] AsyncThread::threadFunc                  : Finished Asynchronous operation on sound 0x141ea8e48
[LOG] SoundI::getSubSound                      : sound 0x143af9528.  Subsound index 0 / 1
[LOG] SoundI::getSubSound                      : sound 0x143abcb48.  Subsound index 0 / 1
[LOG] SoundI::getSubSound                      : sound 0x141eab488.  Subsound index 0 / 1
[LOG] SoundI::getSubSound                      : sound 0x141ea8e48.  Subsound index 0 / 1
[LOG] SystemI::createSoundInternal             : Create name='', mode=0x02000202
[LOG] SystemI::createSoundInternal             : exinfo->cbsize             = 232
[LOG] SystemI::createSoundInternal             : exinfo->length             = 4479264
[LOG] SystemI::createSoundInternal             : exinfo->fileoffset         = 58336
[LOG] SystemI::createSoundInternal             : exinfo->numsubsounds       = 1
[LOG] SystemI::createSoundInternal             : exinfo->inclusionlist      = 0x7000094207bc
[LOG] SystemI::createSoundInternal             : exinfo->inclusionlistnum   = 1
[LOG] SystemI::createSoundInternal             : exinfo->suggestedsoundtype = 5
[LOG] SystemI::createSoundInternal             : exinfo->useropen           = 0x15f80396f
[LOG] SystemI::createSoundInternal             : exinfo->userclose          = 0x15f803a2b
[LOG] SystemI::createSoundInternal             : exinfo->userread           = 0x15f803a5b
[LOG] SystemI::createSoundInternal             : exinfo->userseek           = 0x15f803af8
[LOG] SystemI::createSoundInternal             : exinfo->fileuserdata       = 0x141e91f08
[LOG] SystemI::createSoundInternal             : exinfo->initialseekpostype = 1
[LOG] SystemI::DSPCodecPoolRegister            : register codec pool for pool type 5
[LOG] SystemI::createSoundInternal             : Sample 0/1: name='Spike Trap Sound Effect.L', format=2, channels=1, frequency=48000, lengthbytes=2592, lengthpcm=20062, pcmblocksize=0, loopstart=0, loopend=0, mode=0x00000000, channelmask=0x00000000, channelorder=0, peakvolume=0.852783.
[LOG] SystemI::createSoundInternal             : Create name='', mode=0x02000202
[LOG] SystemI::createSoundInternal             : exinfo->cbsize             = 232
[LOG] SystemI::createSoundInternal             : exinfo->length             = 4479264
[LOG] SystemI::createSoundInternal             : exinfo->fileoffset         = 58336
[LOG] SystemI::createSoundInternal             : exinfo->numsubsounds       = 1
[LOG] SystemI::createSoundInternal             : exinfo->inclusionlist      = 0x7000094207bc
[LOG] SystemI::createSoundInternal             : exinfo->inclusionlistnum   = 1
[LOG] SystemI::createSoundInternal             : exinfo->suggestedsoundtype = 5
[LOG] SystemI::createSoundInternal             : exinfo->useropen           = 0x15f80396f
[LOG] SystemI::createSoundInternal             : exinfo->userclose          = 0x15f803a2b
[LOG] SystemI::createSoundInternal             : exinfo->userread           = 0x15f803a5b
[LOG] SystemI::createSoundInternal             : exinfo->userseek           = 0x15f803af8
[LOG] SystemI::createSoundInternal             : exinfo->fileuserdata       = 0x141e91f08
[LOG] SystemI::createSoundInternal             : exinfo->initialseekpostype = 1
[LOG] SystemI::DSPCodecPoolRegister            : register codec pool for pool type 5
[LOG] SystemI::createSoundInternal             : Sample 0/1: name='136460__debsound__bone-breaking-13.L', format=2, channels=1, frequency=48000, lengthbytes=6112, lengthpcm=24946, pcmblocksize=0, loopstart=0, loopend=0, mode=0x00000000, channelmask=0x00000000, channelorder=0, peakvolume=1.000000.
[LOG] SystemI::createSoundInternal             : Create name='', mode=0x02000202
[LOG] SystemI::createSoundInternal             : exinfo->cbsize             = 232
[LOG] SystemI::createSoundInternal             : exinfo->length             = 4479264
[LOG] SystemI::createSoundInternal             : exinfo->fileoffset         = 58336
[LOG] SystemI::createSoundInternal             : exinfo->numsubsounds       = 1
[LOG] SystemI::createSoundInternal             : exinfo->inclusionlist      = 0x7000094207bc
[LOG] SystemI::createSoundInternal             : exinfo->inclusionlistnum   = 1
[LOG] SystemI::createSoundInternal             : exinfo->suggestedsoundtype = 5
[LOG] SystemI::createSoundInternal             : exinfo->useropen           = 0x15f80396f
[LOG] SystemI::createSoundInternal             : exinfo->userclose          = 0x15f803a2b
[LOG] SystemI::createSoundInternal             : exinfo->userread           = 0x15f803a5b
[LOG] SystemI::createSoundInternal             : exinfo->userseek           = 0x15f803af8
[LOG] SystemI::createSoundInternal             : exinfo->fileuserdata       = 0x141e91f08
[LOG] SystemI::createSoundInternal             : exinfo->initialseekpostype = 1
[LOG] SystemI::DSPCodecPoolRegister            : register codec pool for pool type 5
[LOG] SystemI::createSoundInternal             : Sample 0/1: name='Tom01', format=2, channels=1, frequency=48000, lengthbytes=608, lengthpcm=1719, pcmblocksize=0, loopstart=0, loopend=0, mode=0x00000000, channelmask=0x00000000, channelorder=0, peakvolume=0.999908.
[LOG] SystemI::createSoundInternal             : Create name='', mode=0x02000202
[LOG] SystemI::createSoundInternal             : exinfo->cbsize             = 232
[LOG] SystemI::createSoundInternal             : exinfo->length             = 4479264
[LOG] SystemI::createSoundInternal             : exinfo->fileoffset         = 58336
[LOG] SystemI::createSoundInternal             : exinfo->numsubsounds       = 1
[LOG] SystemI::createSoundInternal             : exinfo->inclusionlist      = 0x7000094207bc
[LOG] SystemI::createSoundInternal             : exinfo->inclusionlistnum   = 1
[LOG] SystemI::createSoundInternal             : exinfo->suggestedsoundtype = 5
[LOG] SystemI::createSoundInternal             : exinfo->useropen           = 0x15f80396f
[LOG] SystemI::createSoundInternal             : exinfo->userclose          = 0x15f803a2b
[LOG] SystemI::createSoundInternal             : exinfo->userread           = 0x15f803a5b
[LOG] SystemI::createSoundInternal             : exinfo->userseek           = 0x15f803af8
[LOG] SystemI::createSoundInternal             : exinfo->fileuserdata       = 0x123f0a1d8
[LOG] SystemI::createSoundInternal             : exinfo->initialseekpostype = 1
[LOG] SystemI::DSPCodecPoolRegister            : register codec pool for pool type 5
[LOG] SystemI::createSoundInternal             : Sample 0/1: name='Tom02', format=2, channels=1, frequency=48000, lengthbytes=704, lengthpcm=2124, pcmblocksize=0, loopstart=0, loopend=0, mode=0x00000000, channelmask=0x00000000, channelorder=0, peakvolume=0.999634.
[LOG] SystemI::createSoundInternal             : Create name='', mode=0x02000202
[LOG] SystemI::createSoundInternal             : exinfo->cbsize             = 232
[LOG] SystemI::createSoundInternal             : exinfo->length             = 4479264
[LOG] SystemI::createSoundInternal             : exinfo->fileoffset         = 58336
[LOG] SystemI::createSoundInternal             : exinfo->numsubsounds       = 1
[LOG] SystemI::createSoundInternal             : exinfo->inclusionlist      = 0x7000094207bc
[LOG] SystemI::createSoundInternal             : exinfo->inclusionlistnum   = 1
[LOG] SystemI::createSoundInternal             : exinfo->suggestedsoundtype = 5
[LOG] SystemI::createSoundInternal             : exinfo->useropen           = 0x15f80396f
[LOG] SystemI::createSoundInternal             : exinfo->userclose          = 0x15f803a2b
[LOG] SystemI::createSoundInternal             : exinfo->userread           = 0x15f803a5b
[LOG] SystemI::createSoundInternal             : exinfo->userseek           = 0x15f803af8
[LOG] SystemI::createSoundInternal             : exinfo->fileuserdata       = 0x123f0a1d8
[LOG] SystemI::createSoundInternal             : exinfo->initialseekpostype = 1
[LOG] SystemI::DSPCodecPoolRegister            : register codec pool for pool type 5
[LOG] SystemI::createSoundInternal             : Sample 0/1: name='Snap01', format=2, channels=1, frequency=48000, lengthbytes=672, lengthpcm=1674, pcmblocksize=0, loopstart=0, loopend=0, mode=0x00000000, channelmask=0x00000000, channelorder=0, peakvolume=0.999908.
[LOG] SystemI::createSoundInternal             : Create name='', mode=0x02000202
[LOG] SystemI::createSoundInternal             : exinfo->cbsize             = 232
[LOG] SystemI::createSoundInternal             : exinfo->length             = 4479264
[LOG] SystemI::createSoundInternal             : exinfo->fileoffset         = 58336
[LOG] SystemI::createSoundInternal             : exinfo->numsubsounds       = 1
[LOG] SystemI::createSoundInternal             : exinfo->inclusionlist      = 0x7000094207bc
[LOG] SystemI::createSoundInternal             : exinfo->inclusionlistnum   = 1
[LOG] SystemI::createSoundInternal             : exinfo->suggestedsoundtype = 5
[LOG] SystemI::createSoundInternal             : exinfo->useropen           = 0x15f80396f
[LOG] SystemI::createSoundInternal             : exinfo->userclose          = 0x15f803a2b
[LOG] SystemI::createSoundInternal             : exinfo->userread           = 0x15f803a5b
[LOG] SystemI::createSoundInternal             : exinfo->userseek           = 0x15f803af8
[LOG] SystemI::createSoundInternal             : exinfo->fileuserdata       = 0x10ff69478
[LOG] SystemI::createSoundInternal             : exinfo->initialseekpostype = 1
[LOG] SystemI::DSPCodecPoolRegister            : register codec pool for pool type 5
[LOG] SystemI::createSoundInternal             : Sample 0/1: name='GetSparkle', format=2, channels=2, frequency=48000, lengthbytes=19904, lengthpcm=71264, pcmblocksize=0, loopstart=0, loopend=0, mode=0x00000000, channelmask=0x00000000, channelorder=0, peakvolume=0.944026.
[LOG] AsyncThread::threadFunc                  : Starting Asynchronous operation on sound 0x10ff69ec8
[LOG] AsyncThread::threadFunc                  : Finished Asynchronous operation on sound 0x10ff69ec8
[LOG] SystemI::createSoundInternal             : Create name='', mode=0x02000202
[LOG] SystemI::createSoundInternal             : exinfo->cbsize             = 232
[LOG] SystemI::createSoundInternal             : exinfo->length             = 4479264
[LOG] SystemI::createSoundInternal             : exinfo->fileoffset         = 58336
[LOG] SystemI::createSoundInternal             : exinfo->numsubsounds       = 1
[LOG] SystemI::createSoundInternal             : exinfo->inclusionlist      = 0x7000094207bc
[LOG] SystemI::createSoundInternal             : exinfo->inclusionlistnum   = 1
[LOG] SystemI::createSoundInternal             : exinfo->suggestedsoundtype = 5
[LOG] SystemI::createSoundInternal             : exinfo->useropen           = 0x15f80396f
[LOG] SystemI::createSoundInternal             : exinfo->userclose          = 0x15f803a2b
[LOG] SystemI::createSoundInternal             : exinfo->userread           = 0x15f803a5b
[LOG] SystemI::createSoundInternal             : exinfo->userseek           = 0x15f803af8
[LOG] SystemI::createSoundInternal             : exinfo->fileuserdata       = 0x10ff6e308
[LOG] SystemI::createSoundInternal             : exinfo->initialseekpostype = 1
[LOG] SystemI::DSPCodecPoolRegister            : register codec pool for pool type 5
[LOG] SystemI::createSoundInternal             : Sample 0/1: name='Checkpoint', format=2, channels=1, frequency=48000, lengthbytes=3328, lengthpcm=12892, pcmblocksize=0, loopstart=0, loopend=0, mode=0x00000000, channelmask=0x00000000, channelorder=0, peakvolume=0.512421.
[LOG] SystemI::createSoundInternal             : Create name='', mode=0x02000202
[LOG] SystemI::createSoundInternal             : exinfo->cbsize             = 232
[LOG] SystemI::createSoundInternal             : exinfo->length             = 4479264
[LOG] SystemI::createSoundInternal             : exinfo->fileoffset         = 58336
[LOG] SystemI::createSoundInternal             : exinfo->numsubsounds       = 1
[LOG] SystemI::createSoundInternal             : exinfo->inclusionlist      = 0x7000094207bc
[LOG] SystemI::createSoundInternal             : exinfo->inclusionlistnum   = 1
[LOG] SystemI::createSoundInternal             : exinfo->suggestedsoundtype = 5
[LOG] SystemI::createSoundInternal             : exinfo->useropen           = 0x15f80396f
[LOG] SystemI::createSoundInternal             : exinfo->userclose          = 0x15f803a2b
[LOG] SystemI::createSoundInternal             : exinfo->userread           = 0x15f803a5b
[LOG] SystemI::createSoundInternal             : exinfo->userseek           = 0x15f803af8
[LOG] SystemI::createSoundInternal             : exinfo->fileuserdata       = 0x141e9c3a8
[LOG] SystemI::createSoundInternal             : exinfo->initialseekpostype = 1
[LOG] SystemI::DSPCodecPoolRegister            : register codec pool for pool type 5
[LOG] SystemI::createSoundInternal             : Sample 0/1: name='BadMove02', format=2, channels=1, frequency=48000, lengthbytes=2816, lengthpcm=15723, pcmblocksize=0, loopstart=0, loopend=0, mode=0x00000000, channelmask=0x00000000, channelorder=0, peakvolume=0.990631.
[LOG] SystemI::createSoundInternal             : Create name='', mode=0x02000202
[LOG] SystemI::createSoundInternal             : exinfo->cbsize             = 232
[LOG] SystemI::createSoundInternal             : exinfo->length             = 4479264
[LOG] SystemI::createSoundInternal             : exinfo->fileoffset         = 58336
[LOG] SystemI::createSoundInternal             : exinfo->numsubsounds       = 1
[LOG] SystemI::createSoundInternal             : exinfo->inclusionlist      = 0x7000094207bc
[LOG] SystemI::createSoundInternal             : exinfo->inclusionlistnum   = 1
[LOG] SystemI::createSoundInternal             : exinfo->suggestedsoundtype = 5
[LOG] SystemI::createSoundInternal             : exinfo->useropen           = 0x15f80396f
[LOG] SystemI::createSoundInternal             : exinfo->userclose          = 0x15f803a2b
[LOG] SystemI::createSoundInternal             : exinfo->userread           = 0x15f803a5b
[LOG] SystemI::createSoundInternal             : exinfo->userseek           = 0x15f803af8
[LOG] SystemI::createSoundInternal             : exinfo->fileuserdata       = 0x141e9c3a8
[LOG] SystemI::createSoundInternal             : exinfo->initialseekpostype = 1
[LOG] SystemI::DSPCodecPoolRegister            : register codec pool for pool type 5
[LOG] SystemI::createSoundInternal             : Sample 0/1: name='BadMove01', format=2, channels=1, frequency=48000, lengthbytes=1984, lengthpcm=11053, pcmblocksize=0, loopstart=0, loopend=0, mode=0x00000000, channelmask=0x00000000, channelorder=0, peakvolume=0.994598.
[LOG] SystemI::createSoundInternal             : Create name='', mode=0x02000202
[LOG] SystemI::createSoundInternal             : exinfo->cbsize             = 232
[LOG] SystemI::createSoundInternal             : exinfo->length             = 4479264
[LOG] SystemI::createSoundInternal             : exinfo->fileoffset         = 58336
[LOG] SystemI::createSoundInternal             : exinfo->numsubsounds       = 1
[LOG] SystemI::createSoundInternal             : exinfo->inclusionlist      = 0x7000094207bc
[LOG] SystemI::createSoundInternal             : exinfo->inclusionlistnum   = 1
[LOG] SystemI::createSoundInternal             : exinfo->suggestedsoundtype = 5
[LOG] SystemI::createSoundInternal             : exinfo->useropen           = 0x15f80396f
[LOG] SystemI::createSoundInternal             : exinfo->userclose          = 0x15f803a2b
[LOG] SystemI::createSoundInternal             : exinfo->userread           = 0x15f803a5b
[LOG] SystemI::createSoundInternal             : exinfo->userseek           = 0x15f803af8
[LOG] SystemI::createSoundInternal             : exinfo->fileuserdata       = 0x141ea2a38
[LOG] SystemI::createSoundInternal             : exinfo->initialseekpostype = 1
[LOG] SystemI::DSPCodecPoolRegister            : register codec pool for pool type 5
[LOG] SystemI::createSoundInternal             : Sample 0/1: name='Hit', format=2, channels=2, frequency=48000, lengthbytes=9920, lengthpcm=48128, pcmblocksize=0, loopstart=0, loopend=0, mode=0x00000000, channelmask=0x00000000, channelorder=0, peakvolume=0.621374.
[LOG] AsyncThread::threadFunc                  : Starting Asynchronous operation on sound 0x143ac1338
[LOG] AsyncThread::threadFunc                  : Finished Asynchronous operation on sound 0x143ac1338
[LOG] AsyncThread::threadFunc                  : Starting Asynchronous operation on sound 0x10ff6a7c8
[LOG] AsyncThread::threadFunc                  : Finished Asynchronous operation on sound 0x10ff6a7c8
[LOG] SoundI::release                          :  (0x143abf648)
[LOG] SoundI::release                          :     IntroEnd (0x143abf7b8)
[LOG] SoundI::release                          :  (0x141e9cb48)
[LOG] SoundI::release                          :     BadMove01 (0x141e9ccb8)
[LOG] SoundI::release                          :  (0x141e922b8)
[LOG] SoundI::release                          :     BadMove02 (0x141e9c808)
[LOG] SoundI::release                          :  (0x141ea3048)
[LOG] SoundI::release                          :     Hit (0x141ea31b8)
[LOG] SoundI::release                          :  (0x10ff6ddb8)
[LOG] SoundI::release                          :     Checkpoint (0x10ff6e768)
[LOG] SoundI::release                          :  (0x10ff6c2e8)
[LOG] SoundI::release                          :     GetSparkle (0x10ff6c458)
[LOG] SoundI::release                          : Level 3 (0x141ea8e48)
[LOG] SoundI::release                          :     Level 3 (0x143ac11a8)
[LOG] SoundI::release                          :     Level 3 (0x143ac1338)
[LOG] SoundI::release                          : Level 4 (0x141eab488)
[LOG] SoundI::release                          :     Level 4 (0x10ff6a638)
[LOG] SoundI::release                          :     Level 4 (0x10ff6a7c8)
[LOG] SoundI::release                          : Level 2 (0x143abcb48)
[LOG] SoundI::release                          :     Level 2 (0x10ff69d38)
[LOG] SoundI::release                          :     Level 2 (0x10ff69ec8)
[LOG] SoundI::release                          : Level 1 (0x143af9528)
[LOG] SoundI::release                          :     Level 1 (0x143ac0268)
[LOG] SoundI::release                          :     Level 1 (0x143ac03f8)
[LOG] SoundI::release                          :  (0x141e935f8)
[LOG] SoundI::release                          :     Spike Trap Sound Effect.L (0x141e93768)
[LOG] SoundI::release                          :  (0x10e569ae8)
[LOG] SoundI::release                          :     Start_Play (0x13e72e7f8)
[LOG] SoundI::release                          :  (0x13e72ce18)
[LOG] SoundI::release                          :     Beat_01 (0x13e728998)
[LOG] SoundI::release                          :  (0x13e728cd8)
[LOG] SoundI::release                          :     Fill02 (0x13e728e48)
[LOG] SoundI::release                          :  (0x13e729188)
[LOG] SoundI::release                          :     Fill01 (0x13e7292f8)
[LOG] SoundI::release                          :  (0x13e729638)
[LOG] SoundI::release                          :     Beat_02 (0x13e7297a8)
[LOG] SoundI::release                          :  (0x13e72eb38)
[LOG] SoundI::release                          :     Snippet_Reverse_Hat (0x13e72eca8)
[LOG] SoundI::release                          :  (0x13e72efe8)
[LOG] SoundI::release                          :     Swoosh (0x13e72f158)
[LOG] SoundI::release                          :  (0x141e93aa8)
[LOG] SoundI::release                          :     136460__debsound__bone-breaking-13.L (0x141e93c18)
[LOG] SoundI::release                          :  (0x141e93f58)
[LOG] SoundI::release                          :     Tom01 (0x141e940c8)
[LOG] SoundI::release                          :  (0x123f0b448)
[LOG] SoundI::release                          :     Tom02 (0x123f0b5b8)
[LOG] SoundI::release                          :  (0x123f0bbd8)
[LOG] SoundI::release                          :     Snap01 (0x123f0bd48)
[LOG] Thread::callback                         : FMOD Studio update thread finished.
[LOG] Thread::callback                         : FMOD Studio bank load thread finished.
[LOG] Profile::disconnectAll                   : Profiler disconnecting all clients
[LOG] Thread::callback                         : FMOD Studio sample load thread finished.
[LOG] LiveUpdate::release                      : 
[LOG] LiveUpdate::reset                        : Reset connection (reason Disconnected)
[LOG] Thread::callback                         : FMOD stream thread finished.
[LOG] Thread::callback                         : FMOD mixer thread finished.
[LOG] Profile::disconnectAll                   : Profiler disconnecting all clients
[LOG] Thread::callback                         : FMOD nonblocking thread (0) finished.
[LOG] Thread::callback                         : FMOD file thread finished.
[LOG] SystemI::close                           : Closed.
